Performing C++ SOURCE FILE Test COMPILER_SUPPORTS_CXX11 failed with the following output:
Change Dir: C:/Users/Fares/computer-graphics-ray-casting/build-release/CMakeFiles/CMakeTmp

Run Build Command(s):C:/Program Files (x86)/Microsoft Visual Studio/2019/Community/MSBuild/Current/Bin/MSBuild.exe cmTC_070ee.vcxproj /p:Configuration=Debug /p:Platform=x64 /p:VisualStudioVersion=16.0 /v:m && Microsoft (R) Build Engine version 16.7.0+b89cb5fde for .NET Framework
Copyright (C) Microsoft Corporation. All rights reserved.

  Microsoft (R) C/C++ Optimizing Compiler Version 19.27.29112 for x64
  src.cxx
  Copyright (C) Microsoft Corporation.  All rights reserved.
  cl /c /Zi /W3 /WX- /diagnostics:column /Od /Ob0 /D _MBCS /D WIN32 /D _WINDOWS /D COMPILER_SUPPORTS_CXX11 /D "CMAKE_INTDIR=\"Debug\"" /Gm- /EHsc /RTC1 /MDd /GS /fp:precise /Zc:wchar_t /Zc:forScope /Zc:inline /GR /Fo"cmTC_070ee.dir\Debug\\" /Fd"cmTC_070ee.dir\Debug\vc142.pdb" /Gd /TP /errorReport:queue  -std=c++11 "C:\Users\Fares\computer-graphics-ray-casting\build-release\CMakeFiles\CMakeTmp\src.cxx"
cl : command line warning D9002: ignoring unknown option '-std=c++11' [C:\Users\Fares\computer-graphics-ray-casting\build-release\CMakeFiles\CMakeTmp\cmTC_070ee.vcxproj]
  cmTC_070ee.vcxproj -> C:\Users\Fares\computer-graphics-ray-casting\build-release\CMakeFiles\CMakeTmp\Debug\cmTC_070ee.exe


Source file was:
int main() { return 0; }
Performing C++ SOURCE FILE Test COMPILER_SUPPORTS_CXX0X failed with the following output:
Change Dir: C:/Users/Fares/computer-graphics-ray-casting/build-release/CMakeFiles/CMakeTmp

Run Build Command(s):C:/Program Files (x86)/Microsoft Visual Studio/2019/Community/MSBuild/Current/Bin/MSBuild.exe cmTC_b4d64.vcxproj /p:Configuration=Debug /p:Platform=x64 /p:VisualStudioVersion=16.0 /v:m && Microsoft (R) Build Engine version 16.7.0+b89cb5fde for .NET Framework
Copyright (C) Microsoft Corporation. All rights reserved.

  Microsoft (R) C/C++ Optimizing Compiler Version 19.27.29112 for x64
  src.cxx
  Copyright (C) Microsoft Corporation.  All rights reserved.
  cl /c /Zi /W3 /WX- /diagnostics:column /Od /Ob0 /D _MBCS /D WIN32 /D _WINDOWS /D COMPILER_SUPPORTS_CXX0X /D "CMAKE_INTDIR=\"Debug\"" /Gm- /EHsc /RTC1 /MDd /GS /fp:precise /Zc:wchar_t /Zc:forScope /Zc:inline /GR /Fo"cmTC_b4d64.dir\Debug\\" /Fd"cmTC_b4d64.dir\Debug\vc142.pdb" /Gd /TP /errorReport:queue  -std=c++0x "C:\Users\Fares\computer-graphics-ray-casting\build-release\CMakeFiles\CMakeTmp\src.cxx"
cl : command line warning D9002: ignoring unknown option '-std=c++0x' [C:\Users\Fares\computer-graphics-ray-casting\build-release\CMakeFiles\CMakeTmp\cmTC_b4d64.vcxproj]
  cmTC_b4d64.vcxproj -> C:\Users\Fares\computer-graphics-ray-casting\build-release\CMakeFiles\CMakeTmp\Debug\cmTC_b4d64.exe


Source file was:
int main() { return 0; }
